\BOOKMARK [0][-]{chapter*.2}{Preface}{}% 1
\BOOKMARK [0][-]{chapter.1}{Introduction}{}% 2
\BOOKMARK [1][-]{section.1.1}{Objectives}{chapter.1}% 3
\BOOKMARK [1][-]{section.1.2}{Knowing}{chapter.1}% 4
\BOOKMARK [1][-]{section.1.3}{Summary}{chapter.1}% 5
\BOOKMARK [0][-]{chapter.2}{Foundations}{}% 6
\BOOKMARK [1][-]{section.2.1}{Introduction}{chapter.2}% 7
\BOOKMARK [1][-]{section.2.2}{Paradigms\040and\040Theories}{chapter.2}% 8
\BOOKMARK [1][-]{section.2.3}{Propositions,\040Hypothesis,\040and\040Models}{chapter.2}% 9
\BOOKMARK [1][-]{section.2.4}{Inductive\040or\040Deductive\040Approaches}{chapter.2}% 10
\BOOKMARK [1][-]{section.2.5}{Qualitative\040vs.\040Quantitative\040Data}{chapter.2}% 11
\BOOKMARK [1][-]{section.2.6}{Summary}{chapter.2}% 12
\BOOKMARK [0][-]{chapter.3}{Research\040Ethics}{}% 13
\BOOKMARK [1][-]{section.3.1}{Objectives}{chapter.3}% 14
\BOOKMARK [1][-]{section.3.2}{Introduction}{chapter.3}% 15
\BOOKMARK [1][-]{section.3.3}{Ethical\040Principles}{chapter.3}% 16
\BOOKMARK [1][-]{section.3.4}{Research\040on\040Humans}{chapter.3}% 17
\BOOKMARK [1][-]{section.3.5}{Professional\040Code\040of\040Ethics}{chapter.3}% 18
\BOOKMARK [1][-]{section.3.6}{An\040Ethical\040Controversy}{chapter.3}% 19
\BOOKMARK [1][-]{section.3.7}{Summary}{chapter.3}% 20
\BOOKMARK [0][-]{chapter.4}{Research\040Design}{}% 21
\BOOKMARK [1][-]{section.4.1}{Objectives}{chapter.4}% 22
\BOOKMARK [1][-]{section.4.2}{Introduction}{chapter.4}% 23
\BOOKMARK [1][-]{section.4.3}{First\040Considerations}{chapter.4}% 24
\BOOKMARK [1][-]{section.4.4}{The\040Research\040Process}{chapter.4}% 25
\BOOKMARK [1][-]{section.4.5}{Mixed\040Methods}{chapter.4}% 26
\BOOKMARK [1][-]{section.4.6}{Common\040Research\040Mistakes}{chapter.4}% 27
\BOOKMARK [1][-]{section.4.7}{Research\040Designs}{chapter.4}% 28
\BOOKMARK [1][-]{section.4.8}{Selecting\040the\040Research\040Design}{chapter.4}% 29
\BOOKMARK [1][-]{section.4.9}{Summary}{chapter.4}% 30
\BOOKMARK [0][-]{chapter.5}{Measuring}{}% 31
\BOOKMARK [1][-]{section.5.1}{Measurement}{chapter.5}% 32
\BOOKMARK [1][-]{section.5.2}{Conceptualization}{chapter.5}% 33
\BOOKMARK [1][-]{section.5.3}{Operationalization}{chapter.5}% 34
\BOOKMARK [1][-]{section.5.4}{Measurement\040Quality}{chapter.5}% 35
\BOOKMARK [0][-]{chapter.6}{Data}{}% 36
\BOOKMARK [1][-]{section.6.1}{Data}{chapter.6}% 37
\BOOKMARK [1][-]{section.6.2}{Database}{chapter.6}% 38
\BOOKMARK [0][-]{chapter.7}{Sampling}{}% 39
\BOOKMARK [1][-]{section.7.1}{Introduction}{chapter.7}% 40
\BOOKMARK [1][-]{section.7.2}{Sampling\040in\040Quantitative\040Research}{chapter.7}% 41
\BOOKMARK [1][-]{section.7.3}{Sampling\040in\040Qualitative\040Research}{chapter.7}% 42
\BOOKMARK [1][-]{section.7.4}{Statistics\040of\040Sampling}{chapter.7}% 43
\BOOKMARK [1][-]{section.7.5}{Sample\040Size}{chapter.7}% 44
\BOOKMARK [1][-]{section.7.6}{A\040Word\040of\040Caution}{chapter.7}% 45
\BOOKMARK [0][-]{chapter.8}{Bibliography}{}% 46
